02:17:55.140 Elfbot NG 4.5.9 - Entry Started on Montag Juni 02, 2025
02:17:55.140 HprProc Error #180 C0000005 18150057656C636F6D6520746F204E6F78696F75734F5421B4183000596F7572
02:17:55.140 HprProc Error #180 C0000005 183000596F7572206C61737420766973697420776173206F6E2053756E204A75
02:17:55.140 HprProc Error #180 C0000005 191A00596F7520617265206E6F742066756C6C7920626C657373656421B4125E
02:23:13.203 Elfbot NG 4.5.9 - Entry Started on Montag Juni 02, 2025
02:23:13.203 HprProc Error #180 C0000005 18150057656C636F6D6520746F204E6F78696F75734F5421B4183000596F7572
02:23:13.203 HprProc Error #180 C0000005 183000596F7572206C61737420766973697420776173206F6E2053756E204A75
<<<<<<< HEAD
21:50:42.015 Elfbot NG 4.5.9 - Entry Started on Freitag Juni 06, 2025
21:50:42.015 TickProc Error #401 C0000005
21:50:42.125 TickProc Error #401 C0000005
21:50:42.218 TickProc Error #401 C0000005
21:50:42.328 TickProc Error #401 C0000005
21:50:42.421 TickProc Error #401 C0000005
21:50:42.515 TickProc Error #401 C0000005
21:50:42.546 TickProc Error #401 C0000005
21:50:43.625 TickProc Error #401 C0000005
21:50:43.656 TickProc Error #401 C0000005
21:50:43.718 TickProc Error #401 C0000005
21:50:43.828 TickProc Error #401 C0000005
21:50:43.906 TickProc Error #401 C0000005
21:50:43.937 TickProc Error #401 C0000005
21:50:43.015 TickProc Error #401 C0000005
21:50:43.109 TickProc Error #401 C0000005
21:50:43.218 TickProc Error #401 C0000005
21:50:43.312 TickProc Error #401 C0000005
21:50:43.421 TickProc Error #401 C0000005
21:50:43.515 TickProc Error #401 C0000005
21:50:44.609 TickProc Error #401 C0000005
21:52:13.828 TickProc Error #401 C0000005
21:52:13.859 TickProc Error #401 C0000005
21:52:13.921 TickProc Error #401 C0000005
21:52:13.031 TickProc Error #401 C0000005
21:52:13.125 TickProc Error #401 C0000005
21:52:13.187 TickProc Error #401 C0000005
21:52:13.218 TickProc Error #401 C0000005
21:52:13.328 TickProc Error #401 C0000005
21:52:13.421 TickProc Error #401 C0000005
21:52:13.531 TickProc Error #401 C0000005
21:52:14.625 TickProc Error #401 C0000005
21:52:14.718 TickProc Error #401 C0000005
21:52:14.812 TickProc Error #401 C0000005
21:52:14.921 TickProc Error #401 C0000005
21:52:14.015 TickProc Error #401 C0000005
21:52:14.125 TickProc Error #401 C0000005
21:52:14.171 TickProc Error #401 C0000005
21:52:14.234 TickProc Error #401 C0000005
21:52:14.281 TickProc Error #401 C0000005
21:52:14.312 TickProc Error #401 C0000005
21:52:14.375 TickProc Error #401 C0000005
21:52:14.437 TickProc Error #401 C0000005
21:52:14.484 TickProc Error #401 C0000005
21:52:14.515 TickProc Error #401 C0000005
21:52:14.593 TickProc Error #401 C0000005
21:52:15.609 TickProc Error #401 C0000005
21:52:15.703 TickProc Error #401 C0000005
21:52:15.734 TickProc Error #401 C0000005
21:52:15.812 TickProc Error #401 C0000005
21:52:16.625 TickProc Error #401 C0000005
21:52:16.718 TickProc Error #401 C0000005
21:52:16.828 TickProc Error #401 C0000005
21:52:16.921 TickProc Error #401 C0000005
21:52:16.015 TickProc Error #401 C0000005
21:52:16.125 TickProc Error #401 C0000005
21:52:16.187 TickProc Error #401 C0000005
21:52:16.218 TickProc Error #401 C0000005
21:52:16.296 TickProc Error #401 C0000005
21:52:16.328 TickProc Error #401 C0000005
21:52:17.125 TickProc Error #401 C0000005
21:52:17.218 TickProc Error #401 C0000005
21:52:17.312 TickProc Error #401 C0000005
21:52:17.421 TickProc Error #401 C0000005
21:52:17.515 TickProc Error #401 C0000005
21:52:18.625 TickProc Error #401 C0000005
21:52:19.609 TickProc Error #401 C0000005
21:52:19.718 TickProc Error #401 C0000005
21:52:19.750 TickProc Error #401 C0000005
21:52:19.812 TickProc Error #401 C0000005
21:52:19.921 TickProc Error #401 C0000005
21:52:19.031 TickProc Error #401 C0000005
21:52:19.109 TickProc Error #401 C0000005
21:52:19.156 TickProc Error #401 C0000005
21:52:19.218 TickProc Error #401 C0000005
21:52:32.234 TickProc Error #401 C0000005
21:52:32.312 TickProc Error #401 C0000005
21:52:32.343 TickProc Error #401 C0000005
21:52:32.421 TickProc Error #401 C0000005
21:52:33.515 TickProc Error #401 C0000005
21:52:34.609 TickProc Error #401 C0000005
21:52:34.734 TickProc Error #401 C0000005
21:52:34.765 TickProc Error #401 C0000005
21:52:34.812 TickProc Error #401 C0000005
21:52:34.937 TickProc Error #401 C0000005
21:52:34.015 TickProc Error #401 C0000005
21:52:34.078 TickProc Error #401 C0000005
21:52:34.109 TickProc Error #401 C0000005
21:52:34.187 TickProc Error #401 C0000005
21:52:34.250 TickProc Error #401 C0000005
21:52:34.515 TickProc Error #401 C0000005
21:52:34.609 TickProc Error #401 C0000005
21:52:35.718 TickProc Error #401 C0000005
21:52:35.812 TickProc Error #401 C0000005
21:52:35.937 TickProc Error #401 C0000005
21:52:35.015 TickProc Error #401 C0000005
21:52:35.109 TickProc Error #401 C0000005
21:52:35.218 TickProc Error #401 C0000005
21:52:37.437 TickProc Error #401 C0000005
21:52:37.515 TickProc Error #401 C0000005
21:52:37.609 TickProc Error #401 C0000005
21:52:38.718 TickProc Error #401 C0000005
21:52:38.828 TickProc Error #401 C0000005
21:52:38.875 TickProc Error #401 C0000005
21:52:38.937 TickProc Error #401 C0000005
21:52:38.015 TickProc Error #401 C0000005
21:52:38.078 TickProc Error #401 C0000005
21:52:38.109 TickProc Error #401 C0000005
21:52:38.156 TickProc Error #401 C0000005
21:52:38.218 TickProc Error #401 C0000005
21:52:38.281 TickProc Error #401 C0000005
21:52:38.328 TickProc Error #401 C0000005
21:52:39.531 TickProc Error #401 C0000005
21:52:40.625 TickProc Error #401 C0000005
21:52:40.718 TickProc Error #401 C0000005
21:52:40.812 TickProc Error #401 C0000005
21:52:40.921 TickProc Error #401 C0000005
21:52:40.031 TickProc Error #401 C0000005
21:52:40.125 TickProc Error #401 C0000005
21:52:40.171 TickProc Error #401 C0000005
21:52:40.234 TickProc Error #401 C0000005
21:52:40.296 TickProc Error #401 C0000005
21:52:40.328 TickProc Error #401 C0000005
21:52:40.390 TickProc Error #401 C0000005
21:52:40.421 TickProc Error #401 C0000005
=======
<<<<<<< HEAD
=======
14:30:15.359 Elfbot NG 4.5.9 - Entry Started on Mittwoch Juni 04, 2025
14:30:15.359 HprProc Error #180 C0000005 18150057656C636F6D6520746F204E6F78696F75734F5421B4183000596F7572
14:30:15.359 HprProc Error #180 C0000005 183000596F7572206C61737420766973697420776173206F6E20547565204A75
>>>>>>> origin/Darashia-DL
16:30:44.406 Elfbot NG 4.5.9 - Entry Started on Freitag Juni 06, 2025
16:30:44.406 TickProc Error #401 C0000005
16:30:44.453 TickProc Error #401 C0000005
16:30:44.546 TickProc Error #401 C0000005
16:30:45.671 TickProc Error #401 C0000005
16:30:45.703 TickProc Error #401 C0000005
16:30:45.750 TickProc Error #401 C0000005
16:30:45.843 TickProc Error #401 C0000005
16:30:45.953 TickProc Error #401 C0000005
16:30:45.046 TickProc Error #401 C0000005
16:30:45.109 TickProc Error #401 C0000005
16:30:45.171 TickProc Error #401 C0000005
16:30:45.250 TickProc Error #401 C0000005
16:30:45.343 TickProc Error #401 C0000005
16:30:45.453 TickProc Error #401 C0000005
16:30:45.484 TickProc Error #401 C0000005
16:30:45.562 TickProc Error #401 C0000005
16:30:46.625 TickProc Error #401 C0000005
16:30:46.656 TickProc Error #401 C0000005
16:30:46.156 TickProc Error #401 C0000005
16:30:46.250 TickProc Error #401 C0000005
16:30:46.343 TickProc Error #401 C0000005
16:30:46.453 TickProc Error #401 C0000005
16:30:46.546 TickProc Error #401 C0000005
16:30:46.578 TickProc Error #401 C0000005
16:30:47.656 TickProc Error #401 C0000005
16:30:47.750 TickProc Error #401 C0000005
16:30:47.828 TickProc Error #401 C0000005
16:30:47.859 TickProc Error #401 C0000005
16:30:47.968 TickProc Error #401 C0000005
16:30:47.031 TickProc Error #401 C0000005
16:30:47.062 TickProc Error #401 C0000005
16:30:47.171 TickProc Error #401 C0000005
16:30:47.203 TickProc Error #401 C0000005
16:30:47.265 TickProc Error #401 C0000005
16:30:49.765 TickProc Error #401 C0000005
16:30:49.843 TickProc Error #401 C0000005
16:30:49.968 TickProc Error #401 C0000005
16:30:49.062 TickProc Error #401 C0000005
16:30:49.171 TickProc Error #401 C0000005
16:30:49.265 TickProc Error #401 C0000005
16:30:49.281 TickProc Error #401 C0000005
16:30:49.343 TickProc Error #401 C0000005
16:30:49.406 TickProc Error #401 C0000005
16:30:49.453 TickProc Error #401 C0000005
16:30:49.515 TickProc Error #401 C0000005
16:30:49.546 TickProc Error #401 C0000005
16:30:49.609 TickProc Error #401 C0000005
16:30:50.656 TickProc Error #401 C0000005
>>>>>>> DeeperBanuta
22:00:09.468 TickProc Error #401 C0000005
22:00:09.546 TickProc Error #401 C0000005
22:00:10.671 TickProc Error #401 C0000005
22:00:10.781 TickProc Error #401 C0000005
22:00:10.875 TickProc Error #401 C0000005
22:00:10.968 TickProc Error #401 C0000005
22:00:10.000 TickProc Error #401 C0000005
22:00:10.062 TickProc Error #401 C0000005
22:00:10.093 TickProc Error #401 C0000005
22:00:10.156 TickProc Error #401 C0000005
22:00:10.218 TickProc Error #401 C0000005
22:00:10.265 TickProc Error #401 C0000005
22:00:10.328 TickProc Error #401 C0000005
22:00:10.359 TickProc Error #401 C0000005
22:00:10.421 TickProc Error #401 C0000005
22:00:10.453 TickProc Error #401 C0000005
22:00:10.515 TickProc Error #401 C0000005
22:00:10.546 TickProc Error #401 C0000005
22:00:11.625 TickProc Error #401 C0000005
22:00:11.671 TickProc Error #401 C0000005
22:00:11.281 TickProc Error #401 C0000005
22:00:11.375 TickProc Error #401 C0000005
22:00:11.484 TickProc Error #401 C0000005
22:00:11.546 TickProc Error #401 C0000005
22:00:12.671 TickProc Error #401 C0000005
22:00:12.750 TickProc Error #401 C0000005
22:00:12.781 TickProc Error #401 C0000005
22:00:12.859 TickProc Error #401 C0000005
22:00:12.953 TickProc Error #401 C0000005
22:00:12.046 TickProc Error #401 C0000005
22:00:12.187 TickProc Error #401 C0000005
22:00:12.250 TickProc Error #401 C0000005
22:00:12.343 TickProc Error #401 C0000005
22:00:12.375 TickProc Error #401 C0000005
22:00:12.468 TickProc Error #401 C0000005
22:00:13.984 TickProc Error #401 C0000005
22:00:13.046 TickProc Error #401 C0000005
22:00:13.171 TickProc Error #401 C0000005
22:00:13.265 TickProc Error #401 C0000005
22:00:13.359 TickProc Error #401 C0000005
22:00:13.468 TickProc Error #401 C0000005
22:00:13.562 TickProc Error #401 C0000005
22:00:14.593 TickProc Error #401 C0000005
22:00:14.656 TickProc Error #401 C0000005
22:00:14.687 TickProc Error #401 C0000005
22:00:14.750 TickProc Error #401 C0000005
02:38:14.390 Elfbot NG 4.5.9 - Entry Started on Montag Juni 09, 2025
02:38:14.390 TickProc Error #401 C0000005
02:38:14.437 TickProc Error #401 C0000005
02:38:14.531 TickProc Error #401 C0000005
02:38:15.625 TickProc Error #401 C0000005
02:38:15.734 TickProc Error #401 C0000005
02:38:15.828 TickProc Error #401 C0000005
02:38:15.906 TickProc Error #401 C0000005
02:38:15.046 TickProc Error #401 C0000005
02:38:15.109 TickProc Error #401 C0000005
02:38:15.203 TickProc Error #401 C0000005
02:38:15.265 TickProc Error #401 C0000005
02:38:15.328 TickProc Error #401 C0000005
02:38:15.421 TickProc Error #401 C0000005
02:38:15.468 TickProc Error #401 C0000005
02:38:15.515 TickProc Error #401 C0000005
02:38:16.609 TickProc Error #401 C0000005
02:38:16.718 TickProc Error #401 C0000005
02:38:16.750 TickProc Error #401 C0000005
02:38:16.812 TickProc Error #401 C0000005
02:38:16.843 TickProc Error #401 C0000005
02:38:16.906 TickProc Error #401 C0000005
02:38:16.984 TickProc Error #401 C0000005
02:38:16.046 TickProc Error #401 C0000005
02:38:16.093 TickProc Error #401 C0000005
02:38:16.125 TickProc Error #401 C0000005
02:38:16.218 TickProc Error #401 C0000005
02:38:16.328 TickProc Error #401 C0000005
02:38:16.359 TickProc Error #401 C0000005
02:38:16.421 TickProc Error #401 C0000005
02:38:16.515 TickProc Error #401 C0000005
02:38:17.609 TickProc Error #401 C0000005
02:38:17.703 TickProc Error #401 C0000005
02:38:17.828 TickProc Error #401 C0000005
02:38:17.906 TickProc Error #401 C0000005
02:38:17.031 TickProc Error #401 C0000005
02:38:17.062 TickProc Error #401 C0000005
02:38:17.109 TickProc Error #401 C0000005
02:38:17.156 TickProc Error #401 C0000005
02:38:17.218 TickProc Error #401 C0000005
02:38:17.281 TickProc Error #401 C0000005
02:38:17.312 TickProc Error #401 C0000005
02:38:17.375 TickProc Error #401 C0000005
02:38:17.406 TickProc Error #401 C0000005
02:38:17.515 TickProc Error #401 C0000005
10:03:34.250 Elfbot NG 4.5.9 - Entry Started on Montag Juni 09, 2025
10:03:34.250 TickProc Error #401 C0000005
10:03:34.359 TickProc Error #401 C0000005
10:03:34.453 TickProc Error #401 C0000005
10:03:34.546 TickProc Error #401 C0000005
10:03:35.656 TickProc Error #401 C0000005
10:03:35.750 TickProc Error #401 C0000005
10:03:35.859 TickProc Error #401 C0000005
10:03:35.953 TickProc Error #401 C0000005
10:03:35.062 TickProc Error #401 C0000005
10:03:35.156 TickProc Error #401 C0000005
10:03:35.562 TickProc Error #401 C0000005
10:03:36.671 TickProc Error #401 C0000005
10:03:36.765 TickProc Error #401 C0000005
10:03:36.875 TickProc Error #401 C0000005
10:03:36.953 TickProc Error #401 C0000005
10:03:36.062 TickProc Error #401 C0000005
10:03:36.171 TickProc Error #401 C0000005
10:03:36.250 TickProc Error #401 C0000005
10:03:36.375 TickProc Error #401 C0000005
10:03:36.453 TickProc Error #401 C0000005
10:03:36.546 TickProc Error #401 C0000005
10:03:37.656 TickProc Error #401 C0000005
10:03:37.734 TickProc Error #401 C0000005
10:03:37.781 TickProc Error #401 C0000005
10:03:37.812 TickProc Error #401 C0000005
10:03:37.875 TickProc Error #401 C0000005
12:54:33.046 TickProc Error #401 C0000005
12:54:33.156 TickProc Error #401 C0000005
12:54:33.250 TickProc Error #401 C0000005
12:54:33.359 TickProc Error #401 C0000005
12:54:33.437 TickProc Error #401 C0000005
12:54:33.546 TickProc Error #401 C0000005
12:54:34.640 TickProc Error #401 C0000005
12:54:34.750 TickProc Error #401 C0000005
12:54:34.859 TickProc Error #401 C0000005
12:54:34.937 TickProc Error #401 C0000005
12:54:34.046 TickProc Error #401 C0000005
12:54:34.125 TickProc Error #401 C0000005
12:54:34.140 TickProc Error #401 C0000005
12:54:34.218 TickProc Error #401 C0000005
12:54:34.250 TickProc Error #401 C0000005
12:54:34.312 TickProc Error #401 C0000005
12:54:34.343 TickProc Error #401 C0000005
12:54:34.437 TickProc Error #401 C0000005
12:54:34.546 TickProc Error #401 C0000005
12:54:35.640 TickProc Error #401 C0000005
12:54:35.750 TickProc Error #401 C0000005
12:54:35.843 TickProc Error #401 C0000005
12:54:35.937 TickProc Error #401 C0000005
12:54:35.062 TickProc Error #401 C0000005
12:54:35.093 TickProc Error #401 C0000005
12:54:35.156 TickProc Error #401 C0000005
12:54:35.203 TickProc Error #401 C0000005
12:54:35.265 TickProc Error #401 C0000005
12:54:35.328 TickProc Error #401 C0000005
12:54:35.343 TickProc Error #401 C0000005
12:54:35.421 TickProc Error #401 C0000005
12:54:35.437 TickProc Error #401 C0000005
12:54:35.515 TickProc Error #401 C0000005
12:54:35.562 TickProc Error #401 C0000005
12:54:36.625 TickProc Error #401 C0000005
12:54:36.656 TickProc Error #401 C0000005
12:54:36.750 TickProc Error #401 C0000005
12:54:36.859 TickProc Error #401 C0000005
12:54:36.937 TickProc Error #401 C0000005
12:54:36.046 TickProc Error #401 C0000005
12:54:36.156 TickProc Error #401 C0000005
12:54:36.250 TickProc Error #401 C0000005
12:54:36.343 TickProc Error #401 C0000005
12:54:36.453 TickProc Error #401 C0000005
12:54:36.546 TickProc Error #401 C0000005
12:54:36.562 TickProc Error #401 C0000005
12:54:37.656 TickProc Error #401 C0000005
12:54:37.671 TickProc Error #401 C0000005
12:54:37.750 TickProc Error #401 C0000005
12:54:37.765 TickProc Error #401 C0000005
12:54:37.859 TickProc Error #401 C0000005
12:54:37.875 TickProc Error #401 C0000005
12:54:37.937 TickProc Error #401 C0000005
12:54:37.984 TickProc Error #401 C0000005
12:54:37.046 TickProc Error #401 C0000005
12:54:37.093 TickProc Error #401 C0000005
12:54:37.156 TickProc Error #401 C0000005
12:54:37.187 TickProc Error #401 C0000005
12:54:37.250 TickProc Error #401 C0000005
12:54:37.359 TickProc Error #401 C0000005
12:54:37.437 TickProc Error #401 C0000005
12:54:37.562 TickProc Error #401 C0000005
12:54:38.640 TickProc Error #401 C0000005
12:54:38.750 TickProc Error #401 C0000005
12:54:38.843 TickProc Error #401 C0000005
12:54:38.937 TickProc Error #401 C0000005
12:54:38.984 TickProc Error #401 C0000005
12:54:38.062 TickProc Error #401 C0000005
12:54:38.109 TickProc Error #401 C0000005
12:54:38.140 TickProc Error #401 C0000005
12:54:38.203 TickProc Error #401 C0000005
12:54:38.250 TickProc Error #401 C0000005
12:54:38.296 TickProc Error #401 C0000005
12:54:38.359 TickProc Error #401 C0000005
12:54:38.390 TickProc Error #401 C0000005
12:54:38.437 TickProc Error #401 C0000005
12:54:39.046 TickProc Error #401 C0000005
12:54:39.156 TickProc Error #401 C0000005
12:54:39.250 TickProc Error #401 C0000005
12:54:39.296 TickProc Error #401 C0000005
12:54:39.343 TickProc Error #401 C0000005
12:54:39.453 TickProc Error #401 C0000005
12:54:39.562 TickProc Error #401 C0000005
12:54:40.640 TickProc Error #401 C0000005
12:54:40.750 TickProc Error #401 C0000005
12:54:40.812 TickProc Error #401 C0000005
12:54:40.843 TickProc Error #401 C0000005
12:54:40.906 TickProc Error #401 C0000005
12:54:40.937 TickProc Error #401 C0000005
12:54:40.031 TickProc Error #401 C0000005
12:54:40.046 TickProc Error #401 C0000005
12:54:40.109 TickProc Error #401 C0000005
12:54:40.140 TickProc Error #401 C0000005
12:54:40.218 TickProc Error #401 C0000005
12:54:40.250 TickProc Error #401 C0000005
12:54:40.328 TickProc Error #401 C0000005
12:54:40.343 TickProc Error #401 C0000005
12:54:40.421 TickProc Error #401 C0000005
12:54:40.453 TickProc Error #401 C0000005
12:54:40.531 TickProc Error #401 C0000005
12:54:40.562 TickProc Error #401 C0000005
12:54:41.640 TickProc Error #401 C0000005
12:54:41.750 TickProc Error #401 C0000005
12:54:41.859 TickProc Error #401 C0000005
12:54:41.937 TickProc Error #401 C0000005
12:54:41.062 TickProc Error #401 C0000005
12:54:41.140 TickProc Error #401 C0000005
12:54:41.250 TickProc Error #401 C0000005
12:54:41.343 TickProc Error #401 C0000005
12:54:44.656 TickProc Error #401 C0000005
12:54:44.750 TickProc Error #401 C0000005
12:54:44.843 TickProc Error #401 C0000005
12:54:44.953 TickProc Error #401 C0000005
12:54:44.046 TickProc Error #401 C0000005
12:54:44.140 TickProc Error #401 C0000005
12:54:44.250 TickProc Error #401 C0000005
12:54:44.359 TickProc Error #401 C0000005
12:54:44.437 TickProc Error #401 C0000005
12:54:44.484 TickProc Error #401 C0000005
12:54:44.546 TickProc Error #401 C0000005
12:54:44.593 TickProc Error #401 C0000005
12:54:45.640 TickProc Error #401 C0000005
12:54:46.140 TickProc Error #401 C0000005
12:54:46.250 TickProc Error #401 C0000005
12:54:46.359 TickProc Error #401 C0000005
12:54:46.453 TickProc Error #401 C0000005
12:54:46.546 TickProc Error #401 C0000005
12:54:47.640 TickProc Error #401 C0000005
12:54:47.750 TickProc Error #401 C0000005
12:54:47.828 TickProc Error #401 C0000005
12:54:47.859 TickProc Error #401 C0000005
12:54:47.953 TickProc Error #401 C0000005
12:54:47.046 TickProc Error #401 C0000005
12:54:47.156 TickProc Error #401 C0000005
12:54:47.250 TickProc Error #401 C0000005
12:54:47.343 TickProc Error #401 C0000005
12:54:47.390 TickProc Error #401 C0000005
12:54:47.437 TickProc Error #401 C0000005
12:54:47.562 TickProc Error #401 C0000005
12:54:48.640 TickProc Error #401 C0000005
12:54:48.750 TickProc Error #401 C0000005
12:54:48.843 TickProc Error #401 C0000005
12:54:48.937 TickProc Error #401 C0000005
12:54:48.046 TickProc Error #401 C0000005
12:54:48.109 TickProc Error #401 C0000005
12:54:48.140 TickProc Error #401 C0000005
12:54:48.250 TickProc Error #401 C0000005
12:54:48.359 TickProc Error #401 C0000005
12:54:48.437 TickProc Error #401 C0000005
12:54:48.546 TickProc Error #401 C0000005
12:54:48.578 TickProc Error #401 C0000005
12:54:49.640 TickProc Error #401 C0000005
12:54:49.703 TickProc Error #401 C0000005
12:54:49.750 TickProc Error #401 C0000005
12:54:50.250 TickProc Error #401 C0000005
12:54:50.343 TickProc Error #401 C0000005
12:54:50.437 TickProc Error #401 C0000005
12:54:50.546 TickProc Error #401 C0000005
12:54:51.656 TickProc Error #401 C0000005
13:14:13.359 TickProc Error #401 C0000005
13:14:16.062 TickProc Error #401 C0000005
18:09:10.250 Elfbot NG 4.5.9 - Entry Started on Dienstag Juni 10, 2025
18:09:10.250 HprProc Error #180 C0000005 18150057656C636F6D6520746F204E6F78696F75734F5421B4183000596F7572
18:09:10.250 HprProc Error #180 C0000005 183000596F7572206C61737420766973697420776173206F6E204D6F6E204A75
18:09:10.250 HprProc Error #170 C0000005 00000000000000000F0000320047657420536877696674795B3137355D20284C
18:09:10.250 HprProc Error #180 C0000005 191A00596F7520617265206E6F742066756C6C7920626C657373656421B4125E
18:09:10.375 HprProc Error #170 C0000005 00000000000000000D00006C00596F7572206775696C6420646F6573206E6F74
20:52:17.375 Elfbot NG 4.5.9 - Entry Started on Dienstag Juni 10, 2025
20:52:17.375 HprProc Error #170 C0000005 00000000000000000F0000320047657420536877696674795B3137355D20284C
20:52:18.500 HprProc Error #170 C0000005 00000000000000000D00006C00596F7572206775696C6420646F6573206E6F74
21:15:38.359 Elfbot NG 4.5.9 - Entry Started on Dienstag Juni 10, 2025
21:15:38.359 HprProc Error #170 C0000005 00000000000000000F0000320047657420536877696674795B3137355D20284C
21:15:39.500 HprProc Error #180 C0000005 1A3D00596F75206F6E6C792068617665203237207365636F6E6473206C656674
21:15:39.515 HprProc Error #170 C0000005 00000000000000000D00006C00596F7572206775696C6420646F6573206E6F74
21:15:41.546 HprProc Error #180 C0000005 1A3D00596F75206F6E6C792068617665203235207365636F6E6473206C656674
21:41:11.031 TickProc Error #401 C0000005
21:41:11.140 TickProc Error #401 C0000005
21:41:13.828 TickProc Error #401 C0000005
21:41:13.890 TickProc Error #401 C0000005
21:41:13.937 TickProc Error #401 C0000005
21:41:13.031 TickProc Error #401 C0000005
21:41:13.140 TickProc Error #401 C0000005
21:41:13.234 TickProc Error #401 C0000005
21:41:15.734 TickProc Error #401 C0000005
21:41:15.828 TickProc Error #401 C0000005
21:41:15.937 TickProc Error #401 C0000005
21:41:15.031 TickProc Error #401 C0000005
21:41:15.046 TickProc Error #401 C0000005
21:41:15.140 TickProc Error #401 C0000005
21:41:15.140 TickProc Error #401 C0000005
21:41:15.234 TickProc Error #401 C0000005
21:41:15.281 TickProc Error #401 C0000005
21:41:15.328 TickProc Error #401 C0000005
21:41:15.437 TickProc Error #401 C0000005
21:41:47.312 TickProc Error #401 C0000005
21:41:47.343 TickProc Error #401 C0000005
21:41:47.437 TickProc Error #401 C0000005
21:41:48.531 TickProc Error #401 C0000005
21:41:48.656 TickProc Error #401 C0000005
21:41:48.765 TickProc Error #401 C0000005
21:41:48.828 TickProc Error #401 C0000005
21:41:48.937 TickProc Error #401 C0000005
21:41:48.031 TickProc Error #401 C0000005
21:41:48.062 TickProc Error #401 C0000005
21:41:52.750 TickProc Error #401 C0000005
21:41:52.843 TickProc Error #401 C0000005
21:41:52.875 TickProc Error #401 C0000005
21:41:52.953 TickProc Error #401 C0000005
21:41:52.046 TickProc Error #401 C0000005
21:41:52.140 TickProc Error #401 C0000005
21:41:52.234 TickProc Error #401 C0000005
21:41:52.328 TickProc Error #401 C0000005
21:41:53.453 TickProc Error #401 C0000005
21:41:53.546 TickProc Error #401 C0000005
21:41:53.609 TickProc Error #401 C0000005
21:41:53.640 TickProc Error #401 C0000005
21:41:53.750 TickProc Error #401 C0000005
21:41:57.468 TickProc Error #401 C0000005
21:41:57.531 TickProc Error #401 C0000005
21:41:57.640 TickProc Error #401 C0000005
21:41:57.734 TickProc Error #401 C0000005
21:41:57.843 TickProc Error #401 C0000005
21:41:57.937 TickProc Error #401 C0000005
21:41:57.031 TickProc Error #401 C0000005
21:41:57.156 TickProc Error #401 C0000005
21:41:57.265 TickProc Error #401 C0000005
21:41:57.328 TickProc Error #401 C0000005
21:41:57.453 TickProc Error #401 C0000005
21:41:58.531 TickProc Error #401 C0000005
21:41:58.593 TickProc Error #401 C0000005
21:41:58.640 TickProc Error #401 C0000005
21:41:58.671 TickProc Error #401 C0000005
21:41:58.734 TickProc Error #401 C0000005
21:41:58.828 TickProc Error #401 C0000005
21:41:59.328 TickProc Error #401 C0000005
21:41:59.390 TickProc Error #401 C0000005
21:42:00.453 TickProc Error #401 C0000005
21:42:00.531 TickProc Error #401 C0000005
21:42:00.656 TickProc Error #401 C0000005
21:42:00.750 TickProc Error #401 C0000005
21:42:00.843 TickProc Error #401 C0000005
21:42:00.953 TickProc Error #401 C0000005
21:42:00.031 TickProc Error #401 C0000005
21:42:00.171 TickProc Error #401 C0000005
21:42:00.234 TickProc Error #401 C0000005
21:42:00.328 TickProc Error #401 C0000005
21:42:00.453 TickProc Error #401 C0000005
21:42:01.546 TickProc Error #401 C0000005
21:42:01.656 TickProc Error #401 C0000005
21:42:01.750 TickProc Error #401 C0000005
21:42:01.843 TickProc Error #401 C0000005
21:42:02.640 TickProc Error #401 C0000005
21:42:02.671 TickProc Error #401 C0000005
21:42:02.734 TickProc Error #401 C0000005
21:42:02.843 TickProc Error #401 C0000005
21:42:02.968 TickProc Error #401 C0000005
21:42:02.046 TickProc Error #401 C0000005
21:42:02.140 TickProc Error #401 C0000005
21:42:02.250 TickProc Error #401 C0000005
21:42:02.343 TickProc Error #401 C0000005
21:42:02.437 TickProc Error #401 C0000005
21:42:03.515 TickProc Error #401 C0000005
21:42:03.546 TickProc Error #401 C0000005
21:42:03.609 TickProc Error #401 C0000005
21:42:03.640 TickProc Error #401 C0000005
21:42:03.703 TickProc Error #401 C0000005
21:42:03.765 TickProc Error #401 C0000005
21:42:03.828 TickProc Error #401 C0000005
21:42:03.921 TickProc Error #401 C0000005
21:42:03.953 TickProc Error #401 C0000005
21:42:03.046 TickProc Error #401 C0000005
21:42:03.140 TickProc Error #401 C0000005
21:42:03.234 TickProc Error #401 C0000005
21:42:03.343 TickProc Error #401 C0000005
21:42:03.437 TickProc Error #401 C0000005
21:42:04.531 TickProc Error #401 C0000005
21:42:04.656 TickProc Error #401 C0000005
21:42:04.750 TickProc Error #401 C0000005
21:42:04.843 TickProc Error #401 C0000005
21:42:04.937 TickProc Error #401 C0000005
21:42:04.968 TickProc Error #401 C0000005
21:42:08.843 TickProc Error #401 C0000005
21:42:08.953 TickProc Error #401 C0000005
21:42:08.046 TickProc Error #401 C0000005
21:42:08.156 TickProc Error #401 C0000005
21:42:08.234 TickProc Error #401 C0000005
21:42:08.328 TickProc Error #401 C0000005
21:42:09.453 TickProc Error #401 C0000005
21:42:09.546 TickProc Error #401 C0000005
21:42:09.656 TickProc Error #401 C0000005
21:42:09.750 TickProc Error #401 C0000005
21:42:09.843 TickProc Error #401 C0000005
21:42:09.937 TickProc Error #401 C0000005
21:42:10.359 TickProc Error #401 C0000005
21:42:10.437 TickProc Error #401 C0000005
21:42:11.531 TickProc Error #401 C0000005
21:42:11.656 TickProc Error #401 C0000005
21:42:11.765 TickProc Error #401 C0000005
21:42:11.828 TickProc Error #401 C0000005
21:42:11.953 TickProc Error #401 C0000005
21:42:11.046 TickProc Error #401 C0000005
21:42:11.156 TickProc Error #401 C0000005
21:42:11.234 TickProc Error #401 C0000005
21:42:11.265 TickProc Error #401 C0000005
21:42:11.328 TickProc Error #401 C0000005
21:42:13.656 TickProc Error #401 C0000005
21:42:13.734 TickProc Error #401 C0000005
21:42:13.843 TickProc Error #401 C0000005
21:42:13.937 TickProc Error #401 C0000005
21:42:13.031 TickProc Error #401 C0000005
21:42:13.156 TickProc Error #401 C0000005
21:42:13.234 TickProc Error #401 C0000005
21:42:16.531 TickProc Error #401 C0000005
21:42:16.625 TickProc Error #401 C0000005
21:42:16.656 TickProc Error #401 C0000005
21:42:16.750 TickProc Error #401 C0000005
21:42:16.843 TickProc Error #401 C0000005
21:42:16.937 TickProc Error #401 C0000005
21:42:16.046 TickProc Error #401 C0000005
21:42:16.140 TickProc Error #401 C0000005
21:42:16.203 TickProc Error #401 C0000005
21:42:16.234 TickProc Error #401 C0000005
21:42:16.328 TickProc Error #401 C0000005
21:42:17.468 TickProc Error #401 C0000005
21:42:17.531 TickProc Error #401 C0000005
21:42:17.640 TickProc Error #401 C0000005
21:42:17.734 TickProc Error #401 C0000005
21:42:17.796 TickProc Error #401 C0000005
21:42:17.828 TickProc Error #401 C0000005
21:42:17.937 TickProc Error #401 C0000005
21:42:17.437 TickProc Error #401 C0000005
21:42:18.531 TickProc Error #401 C0000005
21:42:18.656 TickProc Error #401 C0000005
21:42:18.734 TickProc Error #401 C0000005
21:42:18.828 TickProc Error #401 C0000005
21:42:18.937 TickProc Error #401 C0000005
21:42:18.031 TickProc Error #401 C0000005
21:42:18.140 TickProc Error #401 C0000005
21:42:18.234 TickProc Error #401 C0000005
21:42:18.328 TickProc Error #401 C0000005
21:42:18.453 TickProc Error #401 C0000005
21:42:19.531 TickProc Error #401 C0000005
21:42:19.546 TickProc Error #401 C0000005
21:42:19.640 TickProc Error #401 C0000005
21:42:19.750 TickProc Error #401 C0000005
21:42:19.796 TickProc Error #401 C0000005
21:42:19.828 TickProc Error #401 C0000005
21:42:19.937 TickProc Error #401 C0000005
21:42:19.031 TickProc Error #401 C0000005
21:42:19.046 TickProc Error #401 C0000005
23:42:05.796 Elfbot NG 4.5.9 - Entry Started on Dienstag Juni 10, 2025
23:42:05.796 TickProc Error #401 C0000005
23:42:05.828 TickProc Error #401 C0000005
23:42:05.937 TickProc Error #401 C0000005
23:42:05.031 TickProc Error #401 C0000005
23:42:05.125 TickProc Error #401 C0000005
23:42:05.218 TickProc Error #401 C0000005
23:42:05.328 TickProc Error #401 C0000005
23:42:05.421 TickProc Error #401 C0000005
23:42:06.515 TickProc Error #401 C0000005
